<?xml version="1.0" encoding="UTF-8"?>
<testng-results ignored="0" total="1" passed="1" failed="0" skipped="0">
  <reporter-output>
  </reporter-output>
  <suite started-at="2021-10-01T18:31:31Z" name="Suite" finished-at="2021-10-01T18:31:46Z" duration-ms="14845">
    <groups>
    </groups>
    <test started-at="2021-10-01T18:31:31Z" name="Test" finished-at="2021-10-01T18:31:46Z" duration-ms="14845">
      <class name="com.learnautomation.testcases.LoginTestCRM">
        <test-method is-config="true" signature="setupsuite()[pri:0, instance:com.learnautomation.testcases.LoginTestCRM@6fd83fc1]" started-at="2021-10-02T00:01:30Z" name="setupsuite" finished-at="2021-10-02T00:01:31Z" duration-ms="971" status="PASS">
          <reporter-output>
          </reporter-output>
        </test-method> <!-- setupsuite -->
        <test-method is-config="true" signature="setup()[pri:0, instance:com.learnautomation.testcases.LoginTestCRM@6fd83fc1]" started-at="2021-10-02T00:01:31Z" name="setup" finished-at="2021-10-02T00:01:40Z" duration-ms="9074" status="PASS">
          <reporter-output>
          </reporter-output>
        </test-method> <!-- setup -->
        <test-method signature="loginapp()[pri:0, instance:com.learnautomation.testcases.LoginTestCRM@6fd83fc1]" started-at="2021-10-02T00:01:40Z" name="loginapp" finished-at="2021-10-02T00:01:44Z" duration-ms="3786" status="PASS">
          <reporter-output>
          </reporter-output>
        </test-method> <!-- loginapp -->
        <test-method is-config="true" signature="teardownMethod(org.testng.ITestResult)[pri:0, instance:com.learnautomation.testcases.LoginTestCRM@6fd83fc1]" started-at="2021-10-02T00:01:44Z" name="teardownMethod" finished-at="2021-10-02T00:01:44Z" duration-ms="598" status="PASS">
          <params>
            <param index="0">
              <value>
                <![CDATA[[TestResult name=loginapp status=SUCCESS method=LoginTestCRM.loginapp()[pri:0, instance:com.learnautomation.testcases.LoginTestCRM@6fd83fc1] output={null}]]]>
              </value>
            </param>
          </params>
          <reporter-output>
          </reporter-output>
        </test-method> <!-- teardownMethod -->
        <test-method is-config="true" signature="teardown()[pri:0, instance:com.learnautomation.testcases.LoginTestCRM@6fd83fc1]" started-at="2021-10-02T00:01:44Z" name="teardown" finished-at="2021-10-02T00:01:46Z" duration-ms="1364" status="PASS">
          <reporter-output>
          </reporter-output>
        </test-method> <!-- teardown -->
      </class> <!-- com.learnautomation.testcases.LoginTestCRM -->
    </test> <!-- Test -->
  </suite> <!-- Suite -->
</testng-results>
